<?xml version="1.0" encoding="UTF-8"?>
<testng-results ignored="0" total="1" passed="1" failed="0" skipped="0">
  <reporter-output>
  </reporter-output>
  <suite started-at="2022-12-26T18:07:03 IST" name="Suite" finished-at="2022-12-26T18:07:19 IST" duration-ms="16480">
    <groups>
    </groups>
    <test started-at="2022-12-26T18:07:03 IST" name="Test" finished-at="2022-12-26T18:07:19 IST" duration-ms="16480">
      <class name="com.framework.testCases.TC_001_AmazonLogin">
        <test-method is-config="true" signature="beforeMethod()[pri:0, instance:com.framework.testCases.TC_001_AmazonLogin@6fd83fc1]" started-at="2022-12-26T18:07:03 IST" name="beforeMethod" finished-at="2022-12-26T18:07:05 IST" duration-ms="2528" status="PASS">
          <reporter-output>
          </reporter-output>
        </test-method> <!-- beforeMethod -->
        <test-method signature="amazonLogIn()[pri:0, instance:com.framework.testCases.TC_001_AmazonLogin@6fd83fc1]" started-at="2022-12-26T18:07:05 IST" name="amazonLogIn" description="Verify login functionality" finished-at="2022-12-26T18:07:15 IST" duration-ms="9888" status="PASS">
          <reporter-output>
          </reporter-output>
        </test-method> <!-- amazonLogIn -->
        <test-method is-config="true" signature="afterMethod()[pri:0, instance:com.framework.testCases.TC_001_AmazonLogin@6fd83fc1]" started-at="2022-12-26T18:07:18 IST" name="afterMethod" finished-at="2022-12-26T18:07:19 IST" duration-ms="788" status="PASS">
          <reporter-output>
          </reporter-output>
        </test-method> <!-- afterMethod -->
      </class> <!-- com.framework.testCases.TC_001_AmazonLogin -->
    </test> <!-- Test -->
  </suite> <!-- Suite -->
</testng-results>
